#! /usr/bin/vvp
:ivl_version "10.1 (stable)";
:ivl_delay_selection "TYPICAL";
:vpi_time_precision - 10;
:vpi_module "system";
:vpi_module "vhdl_sys";
:vpi_module "v2005_math";
:vpi_module "va_math";
S_0x55d75605bee0 .scope module, "dec3to8_tb" "dec3to8_tb" 2 5;
 .timescale -9 -10;
v0x55d75607c5a0_0 .var "enb_", 0 0;
v0x55d75607c670_0 .net "o", 7 0, v0x55d75607c380_0;  1 drivers
v0x55d75607c740_0 .var "sel", 2 0;
S_0x55d75605c060 .scope module, "idecoder" "decoder" 2 10, 3 2 0, S_0x55d75605bee0;
 .timescale -9 -10;
    .port_info 0 /OUTPUT 8 "o"
    .port_info 1 /INPUT 1 "enb_"
    .port_info 2 /INPUT 3 "sel"
v0x55d75605c2a0_0 .net "enb_", 0 0, v0x55d75607c5a0_0;  1 drivers
v0x55d75607c380_0 .var "o", 7 0;
v0x55d75607c460_0 .net "sel", 2 0, v0x55d75607c740_0;  1 drivers
E_0x55d75601eae0 .event edge, v0x55d75607c460_0, v0x55d75605c2a0_0;
    .scope S_0x55d75605c060;
T_0 ;
    %wait E_0x55d75601eae0;
    %load/vec4 v0x55d75605c2a0_0;
    %flag_set/vec4 8;
    %jmp/0xz  T_0.0, 8;
    %pushi/vec4 255, 0, 8;
    %store/vec4 v0x55d75607c380_0, 0, 8;
    %jmp T_0.1;
T_0.0 ;
    %load/vec4 v0x55d75607c460_0;
    %dup/vec4;
    %pushi/vec4 0, 0, 3;
    %cmp/u;
    %jmp/1 T_0.2, 6;
    %dup/vec4;
    %pushi/vec4 1, 0, 3;
    %cmp/u;
    %jmp/1 T_0.3, 6;
    %dup/vec4;
    %pushi/vec4 2, 0, 3;
    %cmp/u;
    %jmp/1 T_0.4, 6;
    %dup/vec4;
    %pushi/vec4 3, 0, 3;
    %cmp/u;
    %jmp/1 T_0.5, 6;
    %dup/vec4;
    %pushi/vec4 4, 0, 3;
    %cmp/u;
    %jmp/1 T_0.6, 6;
    %dup/vec4;
    %pushi/vec4 5, 0, 3;
    %cmp/u;
    %jmp/1 T_0.7, 6;
    %dup/vec4;
    %pushi/vec4 6, 0, 3;
    %cmp/u;
    %jmp/1 T_0.8, 6;
    %dup/vec4;
    %pushi/vec4 7, 0, 3;
    %cmp/u;
    %jmp/1 T_0.9, 6;
    %pushi/vec4 255, 255, 8;
    %store/vec4 v0x55d75607c380_0, 0, 8;
    %jmp T_0.11;
T_0.2 ;
    %pushi/vec4 254, 0, 8;
    %store/vec4 v0x55d75607c380_0, 0, 8;
    %jmp T_0.11;
T_0.3 ;
    %pushi/vec4 253, 0, 8;
    %store/vec4 v0x55d75607c380_0, 0, 8;
    %jmp T_0.11;
T_0.4 ;
    %pushi/vec4 251, 0, 8;
    %store/vec4 v0x55d75607c380_0, 0, 8;
    %jmp T_0.11;
T_0.5 ;
    %pushi/vec4 247, 0, 8;
    %store/vec4 v0x55d75607c380_0, 0, 8;
    %jmp T_0.11;
T_0.6 ;
    %pushi/vec4 239, 0, 8;
    %store/vec4 v0x55d75607c380_0, 0, 8;
    %jmp T_0.11;
T_0.7 ;
    %pushi/vec4 223, 0, 8;
    %store/vec4 v0x55d75607c380_0, 0, 8;
    %jmp T_0.11;
T_0.8 ;
    %pushi/vec4 191, 0, 8;
    %store/vec4 v0x55d75607c380_0, 0, 8;
    %jmp T_0.11;
T_0.9 ;
    %pushi/vec4 127, 0, 8;
    %store/vec4 v0x55d75607c380_0, 0, 8;
    %jmp T_0.11;
T_0.11 ;
    %pop/vec4 1;
T_0.1 ;
    %jmp T_0;
    .thread T_0, $push;
    .scope S_0x55d75605bee0;
T_1 ;
    %vpi_call 2 13 "$dumpfile", "dec3to8.vcd" {0 0 0};
    %vpi_call 2 14 "$dumpvars", 32'sb00000000000000000000000000000000, S_0x55d75605bee0 {0 0 0};
    %pushi/vec4 1, 0, 1;
    %store/vec4 v0x55d75607c5a0_0, 0, 1;
    %pushi/vec4 0, 0, 3;
    %store/vec4 v0x55d75607c740_0, 0, 3;
    %delay 100, 0;
    %pushi/vec4 0, 0, 1;
    %store/vec4 v0x55d75607c5a0_0, 0, 1;
    %pushi/vec4 0, 0, 3;
    %store/vec4 v0x55d75607c740_0, 0, 3;
    %delay 100, 0;
    %pushi/vec4 1, 0, 3;
    %store/vec4 v0x55d75607c740_0, 0, 3;
    %delay 100, 0;
    %pushi/vec4 2, 0, 3;
    %store/vec4 v0x55d75607c740_0, 0, 3;
    %delay 100, 0;
    %pushi/vec4 3, 0, 3;
    %store/vec4 v0x55d75607c740_0, 0, 3;
    %delay 100, 0;
    %pushi/vec4 4, 0, 3;
    %store/vec4 v0x55d75607c740_0, 0, 3;
    %delay 100, 0;
    %pushi/vec4 5, 0, 3;
    %store/vec4 v0x55d75607c740_0, 0, 3;
    %delay 100, 0;
    %pushi/vec4 6, 0, 3;
    %store/vec4 v0x55d75607c740_0, 0, 3;
    %delay 100, 0;
    %pushi/vec4 7, 0, 3;
    %store/vec4 v0x55d75607c740_0, 0, 3;
    %delay 100, 0;
    %vpi_call 2 26 "$finish" {0 0 0};
    %end;
    .thread T_1;
# The file index is used to find the file name in the following table.
:file_names 4;
    "N/A";
    "<interactive>";
    "dec3to8_tb.v";
    "./dec3to8.v";
