#! /usr/bin/vvp
:ivl_version "10.1 (stable)";
:ivl_delay_selection "TYPICAL";
:vpi_time_precision - 1;
:vpi_module "system";
:vpi_module "vhdl_sys";
:vpi_module "v2005_math";
:vpi_module "va_math";
S_0x55fe5ba59000 .scope module, "TwoOneMux_tb" "TwoOneMux_tb" 2 5;
 .timescale 0 -1;
v0x55fe5ba79790_0 .var "a", 0 0;
v0x55fe5ba79850_0 .var "b", 0 0;
v0x55fe5ba79920_0 .var "clk", 0 0;
v0x55fe5ba79a20_0 .net "out", 0 0, v0x55fe5ba79520_0;  1 drivers
v0x55fe5ba79af0_0 .var "sel", 0 0;
S_0x55fe5ba59180 .scope module, "ietMux" "etMux" 2 9, 3 2 0, S_0x55fe5ba59000;
 .timescale 0 -1;
    .port_info 0 /INPUT 1 "a"
    .port_info 1 /INPUT 1 "b"
    .port_info 2 /INPUT 1 "sel"
    .port_info 3 /INPUT 1 "clk"
    .port_info 4 /OUTPUT 1 "out"
v0x55fe5ba593d0_0 .net "a", 0 0, v0x55fe5ba79790_0;  1 drivers
v0x55fe5ba79390_0 .net "b", 0 0, v0x55fe5ba79850_0;  1 drivers
v0x55fe5ba79450_0 .net "clk", 0 0, v0x55fe5ba79920_0;  1 drivers
v0x55fe5ba79520_0 .var "out", 0 0;
v0x55fe5ba795e0_0 .net "sel", 0 0, v0x55fe5ba79af0_0;  1 drivers
E_0x55fe5ba4f8e0 .event posedge, v0x55fe5ba79450_0;
    .scope S_0x55fe5ba59180;
T_0 ;
    %wait E_0x55fe5ba4f8e0;
    %load/vec4 v0x55fe5ba795e0_0;
    %flag_set/vec4 8;
    %jmp/0xz  T_0.0, 8;
    %load/vec4 v0x55fe5ba593d0_0;
    %store/vec4 v0x55fe5ba79520_0, 0, 1;
    %jmp T_0.1;
T_0.0 ;
    %load/vec4 v0x55fe5ba79390_0;
    %store/vec4 v0x55fe5ba79520_0, 0, 1;
T_0.1 ;
    %jmp T_0;
    .thread T_0;
    .scope S_0x55fe5ba59000;
T_1 ;
    %vpi_call 2 12 "$monitor", "a=%b, b=%b, sell=%b, clk=%b, out=%b", v0x55fe5ba79790_0, v0x55fe5ba79850_0, v0x55fe5ba79af0_0, v0x55fe5ba79920_0, v0x55fe5ba79a20_0 {0 0 0};
    %vpi_call 2 13 "$dumpfile", "EdgeTriggeredMux.vcd" {0 0 0};
    %vpi_call 2 14 "$dumpvars", 32'sb00000000000000000000000000000000, S_0x55fe5ba59000 {0 0 0};
    %pushi/vec4 0, 0, 1;
    %store/vec4 v0x55fe5ba79790_0, 0, 1;
    %pushi/vec4 0, 0, 1;
    %store/vec4 v0x55fe5ba79850_0, 0, 1;
    %pushi/vec4 0, 0, 1;
    %store/vec4 v0x55fe5ba79af0_0, 0, 1;
    %delay 100, 0;
    %pushi/vec4 0, 0, 1;
    %store/vec4 v0x55fe5ba79790_0, 0, 1;
    %pushi/vec4 1, 0, 1;
    %store/vec4 v0x55fe5ba79850_0, 0, 1;
    %pushi/vec4 0, 0, 1;
    %store/vec4 v0x55fe5ba79af0_0, 0, 1;
    %delay 100, 0;
    %pushi/vec4 1, 0, 1;
    %store/vec4 v0x55fe5ba79790_0, 0, 1;
    %pushi/vec4 0, 0, 1;
    %store/vec4 v0x55fe5ba79850_0, 0, 1;
    %pushi/vec4 0, 0, 1;
    %store/vec4 v0x55fe5ba79af0_0, 0, 1;
    %delay 100, 0;
    %pushi/vec4 1, 0, 1;
    %store/vec4 v0x55fe5ba79790_0, 0, 1;
    %pushi/vec4 1, 0, 1;
    %store/vec4 v0x55fe5ba79850_0, 0, 1;
    %pushi/vec4 0, 0, 1;
    %store/vec4 v0x55fe5ba79af0_0, 0, 1;
    %delay 100, 0;
    %pushi/vec4 0, 0, 1;
    %store/vec4 v0x55fe5ba79790_0, 0, 1;
    %pushi/vec4 0, 0, 1;
    %store/vec4 v0x55fe5ba79850_0, 0, 1;
    %pushi/vec4 1, 0, 1;
    %store/vec4 v0x55fe5ba79af0_0, 0, 1;
    %delay 100, 0;
    %pushi/vec4 0, 0, 1;
    %store/vec4 v0x55fe5ba79790_0, 0, 1;
    %pushi/vec4 1, 0, 1;
    %store/vec4 v0x55fe5ba79850_0, 0, 1;
    %pushi/vec4 1, 0, 1;
    %store/vec4 v0x55fe5ba79af0_0, 0, 1;
    %delay 100, 0;
    %pushi/vec4 1, 0, 1;
    %store/vec4 v0x55fe5ba79790_0, 0, 1;
    %pushi/vec4 0, 0, 1;
    %store/vec4 v0x55fe5ba79850_0, 0, 1;
    %pushi/vec4 1, 0, 1;
    %store/vec4 v0x55fe5ba79af0_0, 0, 1;
    %delay 100, 0;
    %pushi/vec4 1, 0, 1;
    %store/vec4 v0x55fe5ba79790_0, 0, 1;
    %pushi/vec4 1, 0, 1;
    %store/vec4 v0x55fe5ba79850_0, 0, 1;
    %pushi/vec4 1, 0, 1;
    %store/vec4 v0x55fe5ba79af0_0, 0, 1;
    %delay 100, 0;
    %vpi_call 2 23 "$finish" {0 0 0};
    %end;
    .thread T_1;
    .scope S_0x55fe5ba59000;
T_2 ;
    %pushi/vec4 0, 0, 1;
    %store/vec4 v0x55fe5ba79920_0, 0, 1;
    %end;
    .thread T_2;
    .scope S_0x55fe5ba59000;
T_3 ;
    %delay 50, 0;
    %load/vec4 v0x55fe5ba79920_0;
    %inv;
    %store/vec4 v0x55fe5ba79920_0, 0, 1;
    %jmp T_3;
    .thread T_3;
# The file index is used to find the file name in the following table.
:file_names 4;
    "N/A";
    "<interactive>";
    "etmux2x1_tb.v";
    "./etmux2x1.v";
